Log file open, 02/15/18 14:54:24
LogWindows: Failed to load 'aqProf.dll' (GetLastError=126)
LogWindows: File 'aqProf.dll' does not exist
LogWindows: Failed to load 'VSPerf140.dll' (GetLastError=126)
LogWindows: File 'VSPerf140.dll' does not exist
LogWindows: Failed to load 'VtuneApi.dll' (GetLastError=126)
LogWindows: File 'VtuneApi.dll' does not exist
LogWindows: Failed to load 'VtuneApi32e.dll' (GetLastError=126)
LogWindows: File 'VtuneApi32e.dll' does not exist
LogInit: Display: Running engine for game: PandaProject
LogPlatformFile: Not using cached read wrapper
LogInit: Display: RandInit(1901131721) SRandInit(1901131721).
LogInit: Read version file with build ID '3709383'
LogInit: Overriding engine version to CL 3832480, compatible CL 3709383
LogInit: Registered custom module enumerator with build ID '3709383'
LogTaskGraph: Started task graph with 5 named threads and 14 total threads with 3 sets of task threads.
LogStats: Stats thread started at 0.173068
LogD3D11RHI: Aftermath initialized
LogModuleManager: Display: Found up-to-date module file ../../../Engine/Plugins/2D/Paper2D/Binaries/Win64/UE4Editor-Paper2D.dll (API version 3709383).
LogModuleManager: Display: Found up-to-date module file ../../../Engine/Plugins/2D/Paper2D/Binaries/Win64/UE4Editor-Paper2DEditor.dll (API version 3709383).
LogModuleManager: Display: Found up-to-date module file ../../../Engine/Plugins/2D/Paper2D/Binaries/Win64/UE4Editor-PaperSpriteSheetImporter.dll (API version 3709383).
LogModuleManager: Display: Found up-to-date module file ../../../Engine/Plugins/2D/Paper2D/Binaries/Win64/UE4Editor-PaperTiledImporter.dll (API version 3709383).
LogModuleManager: Display: Found up-to-date module file ../../../Engine/Plugins/2D/Paper2D/Binaries/Win64/UE4Editor-SmartSnapping.dll (API version 3709383).
LogModuleManager: Display: Found up-to-date module file ../../../Engine/Plugins/Blendables/LightPropagationVolume/Binaries/Win64/UE4Editor-LightPropagationVolumeRuntime.dll (API version 3709383).
LogModuleManager: Display: Found up-to-date module file ../../../Engine/Plugins/Blendables/LightPropagationVolume/Binaries/Win64/UE4Editor-LightPropagationVolumeEditor.dll (API version 3709383).
LogModuleManager: Display: Found up-to-date module file ../../../Engine/Plugins/Developer/GitSourceControl/Binaries/Win64/UE4Editor-GitSourceControl.dll (API version 3709383).
LogModuleManager: Display: Found up-to-date module file ../../../Engine/Plugins/Developer/PerforceSourceControl/Binaries/Win64/UE4Editor-PerforceSourceControl.dll (API version 3709383).
LogModuleManager: Display: Found up-to-date module file ../../../Engine/Plugins/Developer/SubversionSourceControl/Binaries/Win64/UE4Editor-SubversionSourceControl.dll (API version 3709383).
LogModuleManager: Display: Found up-to-date module file ../../../Engine/Plugins/Developer/UObjectPlugin/Binaries/Win64/UE4Editor-UObjectPlugin.dll (API version 3709383).
LogModuleManager: Display: Found up-to-date module file ../../../Engine/Plugins/Developer/VisualStudioCodeSourceCodeAccess/Binaries/Win64/UE4Editor-VisualStudioCodeSourceCodeAccess.dll (API version 3709383).
LogModuleManager: Display: Found up-to-date module file ../../../Engine/Plugins/Developer/VisualStudioSourceCodeAccess/Binaries/Win64/UE4Editor-VisualStudioSourceCodeAccess.dll (API version 3709383).
LogModuleManager: Display: Found up-to-date module file ../../../Engine/Plugins/Editor/AssetManagerEditor/Binaries/Win64/UE4Editor-AssetManagerEditor.dll (API version 3709383).
LogModuleManager: Display: Found up-to-date module file ../../../Engine/Plugins/Editor/AudioCapture/Binaries/Win64/UE4Editor-AudioCapture.dll (API version 3709383).
LogModuleManager: Display: Found up-to-date module file ../../../Engine/Plugins/Editor/FacialAnimation/Binaries/Win64/UE4Editor-FacialAnimation.dll (API version 3709383).
LogModuleManager: Display: Found up-to-date module file ../../../Engine/Plugins/Editor/FacialAnimation/Binaries/Win64/UE4Editor-FacialAnimationEditor.dll (API version 3709383).
LogModuleManager: Display: Found up-to-date module file ../../../Engine/Plugins/Editor/GameplayTagsEditor/Binaries/Win64/UE4Editor-GameplayTagsEditor.dll (API version 3709383).
LogModuleManager: Display: Found up-to-date module file ../../../Engine/Plugins/Editor/MobileLauncherProfileWizard/Binaries/Win64/UE4Editor-MobileLauncherProfileWizard.dll (API version 3709383).
LogModuleManager: Display: Found up-to-date module file ../../../Engine/Plugins/Editor/PluginBrowser/Binaries/Win64/UE4Editor-PluginBrowser.dll (API version 3709383).
LogModuleManager: Display: Found up-to-date module file ../../../Engine/Plugins/Editor/SpeedTreeImporter/Binaries/Win64/UE4Editor-SpeedTreeImporter.dll (API version 3709383).
LogModuleManager: Display: Found up-to-date module file ../../../Engine/Plugins/Experimental/AlembicImporter/Binaries/Win64/UE4Editor-AlembicImporter.dll (API version 3709383).
LogModuleManager: Display: Found up-to-date module file ../../../Engine/Plugins/Experimental/AlembicImporter/Binaries/Win64/UE4Editor-AlembicLibrary.dll (API version 3709383).
LogModuleManager: Display: Found up-to-date module file ../../../Engine/Plugins/Experimental/CharacterAI/Binaries/Win64/UE4Editor-CharacterAI.dll (API version 3709383).
LogModuleManager: Display: Found up-to-date module file ../../../Engine/Plugins/Experimental/HTML5Networking/Binaries/Win64/UE4Editor-HTML5Networking.dll (API version 3709383).
LogModuleManager: Display: Found up-to-date module file ../../../Engine/Plugins/Media/AndroidMedia/Binaries/Win64/UE4Editor-AndroidMediaEditor.dll (API version 3709383).
LogModuleManager: Display: Found up-to-date module file ../../../Engine/Plugins/Media/AndroidMedia/Binaries/Win64/UE4Editor-AndroidMediaFactory.dll (API version 3709383).
LogModuleManager: Display: Found up-to-date module file ../../../Engine/Plugins/Media/AvfMedia/Binaries/Win64/UE4Editor-AvfMediaEditor.dll (API version 3709383).
LogModuleManager: Display: Found up-to-date module file ../../../Engine/Plugins/Media/AvfMedia/Binaries/Win64/UE4Editor-AvfMediaFactory.dll (API version 3709383).
LogModuleManager: Display: Found up-to-date module file ../../../Engine/Plugins/Media/AvfMedia/Binaries/Win64/UE4Editor-AvfMediaFactory.dll (API version 3709383).
LogModuleManager: Display: Found up-to-date module file ../../../Engine/Plugins/Media/ImgMedia/Binaries/Win64/UE4Editor-ImgMedia.dll (API version 3709383).
LogModuleManager: Display: Found up-to-date module file ../../../Engine/Plugins/Media/ImgMedia/Binaries/Win64/UE4Editor-ImgMediaEditor.dll (API version 3709383).
LogModuleManager: Display: Found up-to-date module file ../../../Engine/Plugins/Media/ImgMedia/Binaries/Win64/UE4Editor-ImgMediaFactory.dll (API version 3709383).
LogModuleManager: Display: Found up-to-date module file ../../../Engine/Plugins/Media/ImgMedia/Binaries/Win64/UE4Editor-ImgMediaFactory.dll (API version 3709383).
LogModuleManager: Display: Found up-to-date module file ../../../Engine/Plugins/Media/ImgMedia/Binaries/Win64/UE4Editor-OpenExrWrapper.dll (API version 3709383).
LogModuleManager: Display: Found up-to-date module file ../../../Engine/Plugins/Media/MediaCompositing/Binaries/Win64/UE4Editor-MediaCompositing.dll (API version 3709383).
LogModuleManager: Display: Found up-to-date module file ../../../Engine/Plugins/Media/MediaCompositing/Binaries/Win64/UE4Editor-MediaCompositingEditor.dll (API version 3709383).
LogModuleManager: Display: Found up-to-date module file ../../../Engine/Plugins/Media/MediaPlayerEditor/Binaries/Win64/UE4Editor-MediaPlayerEditor.dll (API version 3709383).
LogModuleManager: Display: Found up-to-date module file ../../../Engine/Plugins/Media/WmfMedia/Binaries/Win64/UE4Editor-WmfMedia.dll (API version 3709383).
LogModuleManager: Display: Found up-to-date module file ../../../Engine/Plugins/Media/WmfMedia/Binaries/Win64/UE4Editor-WmfMediaEditor.dll (API version 3709383).
LogModuleManager: Display: Found up-to-date module file ../../../Engine/Plugins/Media/WmfMedia/Binaries/Win64/UE4Editor-WmfMediaFactory.dll (API version 3709383).
LogModuleManager: Display: Found up-to-date module file ../../../Engine/Plugins/Media/WmfMedia/Binaries/Win64/UE4Editor-WmfMediaFactory.dll (API version 3709383).
LogModuleManager: Display: Found up-to-date module file ../../../Engine/Plugins/Messaging/TcpMessaging/Binaries/Win64/UE4Editor-TcpMessaging.dll (API version 3709383).
LogModuleManager: Display: Found up-to-date module file ../../../Engine/Plugins/Messaging/UdpMessaging/Binaries/Win64/UE4Editor-UdpMessaging.dll (API version 3709383).
LogModuleManager: Display: Found up-to-date module file ../../../Engine/Plugins/MovieScene/ActorSequence/Binaries/Win64/UE4Editor-ActorSequence.dll (API version 3709383).
LogModuleManager: Display: Found up-to-date module file ../../../Engine/Plugins/MovieScene/LevelSequenceEditor/Binaries/Win64/UE4Editor-LevelSequenceEditor.dll (API version 3709383).
LogModuleManager: Display: Found up-to-date module file ../../../Engine/Plugins/MovieScene/MatineeToLevelSequence/Binaries/Win64/UE4Editor-MatineeToLevelSequence.dll (API version 3709383).
LogModuleManager: Display: Found up-to-date module file ../../../Engine/Plugins/Online/OnlineSubsystem/Binaries/Win64/UE4Editor-OnlineSubsystem.dll (API version 3709383).
LogModuleManager: Display: Found up-to-date module file ../../../Engine/Plugins/Runtime/AndroidPermission/Binaries/Win64/UE4Editor-AndroidPermission.dll (API version 3709383).
LogModuleManager: Display: Found up-to-date module file ../../../Engine/Plugins/Online/OnlineSubsystemNull/Binaries/Win64/UE4Editor-OnlineSubsystemNull.dll (API version 3709383).
LogModuleManager: Display: Found up-to-date module file ../../../Engine/Plugins/Online/OnlineSubsystemUtils/Binaries/Win64/UE4Editor-OnlineSubsystemUtils.dll (API version 3709383).
LogModuleManager: Display: Found up-to-date module file ../../../Engine/Plugins/Online/OnlineSubsystemUtils/Binaries/Win64/UE4Editor-OnlineBlueprintSupport.dll (API version 3709383).
LogModuleManager: Display: Found up-to-date module file ../../../Engine/Plugins/Runtime/AndroidDeviceProfileSelector/Binaries/Win64/UE4Editor-AndroidDeviceProfileSelector.dll (API version 3709383).
LogModuleManager: Display: Found up-to-date module file ../../../Engine/Plugins/Runtime/AppleARKit/Binaries/Win64/UE4Editor-AppleARKit.dll (API version 3709383).
LogModuleManager: Display: Found up-to-date module file ../../../Engine/Plugins/Runtime/ArchVisCharacter/Binaries/Win64/UE4Editor-ArchVisCharacter.dll (API version 3709383).
LogModuleManager: Display: Found up-to-date module file ../../../Engine/Plugins/Runtime/CableComponent/Binaries/Win64/UE4Editor-CableComponent.dll (API version 3709383).
LogModuleManager: Display: Found up-to-date module file ../../../Engine/Plugins/Runtime/CustomMeshComponent/Binaries/Win64/UE4Editor-CustomMeshComponent.dll (API version 3709383).
LogModuleManager: Display: Found up-to-date module file ../../../Engine/Plugins/Runtime/ExampleDeviceProfileSelector/Binaries/Win64/UE4Editor-ExampleDeviceProfileSelector.dll (API version 3709383).
LogModuleManager: Display: Found up-to-date module file ../../../Engine/Plugins/Runtime/ImmediatePhysics/Binaries/Win64/UE4Editor-ImmediatePhysics.dll (API version 3709383).
LogModuleManager: Display: Found up-to-date module file ../../../Engine/Plugins/Runtime/ImmediatePhysics/Binaries/Win64/UE4Editor-ImmediatePhysicsEditor.dll (API version 3709383).
LogModuleManager: Display: Found up-to-date module file ../../../Engine/Plugins/Runtime/LocationServicesBPLibrary/Binaries/Win64/UE4Editor-LocationServicesBPLibrary.dll (API version 3709383).
LogModuleManager: Display: Found up-to-date module file ../../../Engine/Plugins/Runtime/MobilePatchingUtils/Binaries/Win64/UE4Editor-MobilePatchingUtils.dll (API version 3709383).
LogModuleManager: Display: Found up-to-date module file ../../../Engine/Plugins/Runtime/Oculus/OculusVR/Binaries/Win64/UE4Editor-OculusHMD.dll (API version 3709383).
LogModuleManager: Display: Found up-to-date module file ../../../Engine/Plugins/Runtime/Oculus/OculusVR/Binaries/Win64/UE4Editor-OculusInput.dll (API version 3709383).
LogModuleManager: Display: Found up-to-date module file ../../../Engine/Plugins/Runtime/Oculus/OculusVR/Binaries/Win64/UE4Editor-OculusEditor.dll (API version 3709383).
LogModuleManager: Display: Found up-to-date module file ../../../Engine/Plugins/Runtime/PhysXVehicles/Binaries/Win64/UE4Editor-PhysXVehicles.dll (API version 3709383).
LogModuleManager: Display: Found up-to-date module file ../../../Engine/Plugins/Runtime/PhysXVehicles/Binaries/Win64/UE4Editor-PhysXVehiclesEditor.dll (API version 3709383).
LogModuleManager: Display: Found up-to-date module file ../../../Engine/Plugins/Runtime/ProceduralMeshComponent/Binaries/Win64/UE4Editor-ProceduralMeshComponent.dll (API version 3709383).
LogModuleManager: Display: Found up-to-date module file ../../../Engine/Plugins/Runtime/ProceduralMeshComponent/Binaries/Win64/UE4Editor-ProceduralMeshComponentEditor.dll (API version 3709383).
LogModuleManager: Display: Found up-to-date module file ../../../Engine/Plugins/Runtime/RuntimePhysXCooking/Binaries/Win64/UE4Editor-RuntimePhysXCooking.dll (API version 3709383).
LogModuleManager: Display: Found up-to-date module file ../../../Engine/Plugins/Runtime/Steam/SteamVR/Binaries/Win64/UE4Editor-SteamVR.dll (API version 3709383).
LogModuleManager: Display: Found up-to-date module file ../../../Engine/Plugins/Runtime/Steam/SteamVR/Binaries/Win64/UE4Editor-SteamVRController.dll (API version 3709383).
LogModuleManager: Display: Found up-to-date module file ../../../Engine/Plugins/Runtime/WindowsMoviePlayer/Binaries/Win64/UE4Editor-WindowsMoviePlayer.dll (API version 3709383).
LogPluginManager: Mounting plugin Paper2D
LogPluginManager: Mounting plugin LightPropagationVolume
LogPluginManager: Mounting plugin CodeLiteSourceCodeAccess
LogPluginManager: Mounting plugin GitSourceControl
LogPluginManager: Mounting plugin KDevelopSourceCodeAccess
LogPluginManager: Mounting plugin NullSourceCodeAccess
LogPluginManager: Mounting plugin PerforceSourceControl
LogPluginManager: Mounting plugin SubversionSourceControl
LogPluginManager: Mounting plugin UObjectPlugin
LogPluginManager: Mounting plugin VisualStudioCodeSourceCodeAccess
LogPluginManager: Mounting plugin VisualStudioSourceCodeAccess
LogPluginManager: Mounting plugin XCodeSourceCodeAccess
LogPluginManager: Mounting plugin AssetManagerEditor
LogPluginManager: Mounting plugin AudioCapture
LogPluginManager: Mounting plugin FacialAnimation
LogPluginManager: Mounting plugin GameplayTagsEditor
LogPluginManager: Mounting plugin MobileLauncherProfileWizard
LogPluginManager: Mounting plugin PluginBrowser
LogPluginManager: Mounting plugin SpeedTreeImporter
LogPluginManager: Mounting plugin AlembicImporter
LogPluginManager: Mounting plugin CharacterAI
LogPluginManager: Mounting plugin HTML5Networking
LogPluginManager: Mounting plugin AndroidMedia
LogPluginManager: Mounting plugin AvfMedia
LogPluginManager: Mounting plugin ImgMedia
LogPluginManager: Mounting plugin MediaCompositing
LogPluginManager: Mounting plugin MediaPlayerEditor
LogPluginManager: Mounting plugin WmfMedia
LogPluginManager: Mounting plugin TcpMessaging
LogPluginManager: Mounting plugin UdpMessaging
LogPluginManager: Mounting plugin ActorSequence
LogPluginManager: Mounting plugin LevelSequenceEditor
LogPluginManager: Mounting plugin MatineeToLevelSequence
LogPluginManager: Mounting plugin OnlineSubsystemGooglePlay
LogPluginManager: Mounting plugin OnlineSubsystemIOS
LogPluginManager: Mounting plugin OnlineSubsystem
LogPluginManager: Mounting plugin OnlineSubsystemNull
LogPluginManager: Mounting plugin OnlineSubsystemUtils
LogPluginManager: Mounting plugin AndroidDeviceProfileSelector
LogPluginManager: Mounting plugin AndroidMoviePlayer
LogPluginManager: Mounting plugin AndroidPermission
LogPluginManager: Mounting plugin AppleARKit
LogPluginManager: Mounting plugin AppleMoviePlayer
LogPluginManager: Mounting plugin ArchVisCharacter
LogPluginManager: Mounting plugin CableComponent
LogPluginManager: Mounting plugin CustomMeshComponent
LogPluginManager: Mounting plugin ExampleDeviceProfileSelector
LogPluginManager: Mounting plugin GoogleCloudMessaging
LogPluginManager: Mounting plugin ImmediatePhysics
LogPluginManager: Mounting plugin IOSDeviceProfileSelector
LogPluginManager: Mounting plugin LinuxDeviceProfileSelector
LogPluginManager: Mounting plugin LocationServicesBPLibrary
LogPluginManager: Mounting plugin MobilePatchingUtils
LogPluginManager: Mounting plugin OculusVR
LogPluginManager: Plugin shader directory ../../../Engine/Plugins/Runtime/Oculus/OculusVR/Shaders found
LogPluginManager: Mapping shader source directory ../../../Engine/Plugins/Runtime/Oculus/OculusVR/Shaders to virtual directory /Plugin/OculusVR
LogPluginManager: Mounting plugin PhysXVehicles
LogPluginManager: Mounting plugin ProceduralMeshComponent
LogPluginManager: Mounting plugin RuntimePhysXCooking
LogPluginManager: Mounting plugin SteamVR
LogPluginManager: Mounting plugin WindowsMoviePlayer
LogInit: Using libcurl 7.47.1
LogInit:  - built for x86_64-pc-win32
LogInit:  - supports SSL with OpenSSL/1.0.2g
LogInit:  - supports HTTP deflate (compression) using libz 1.2.8
LogInit:  - other features:
LogInit:      CURL_VERSION_SSL
LogInit:      CURL_VERSION_LIBZ
LogInit:      CURL_VERSION_IPV6
LogInit:      CURL_VERSION_ASYNCHDNS
LogInit:      CURL_VERSION_LARGEFILE
LogInit:      CURL_VERSION_IDN
LogInit:  CurlRequestOptions (configurable via config and command line):
LogInit:  - bVerifyPeer = false  - Libcurl will NOT verify peer certificate
LogInit:  - bUseHttpProxy = false  - Libcurl will NOT use HTTP proxy
LogInit:  - bDontReuseConnections = false  - Libcurl will reuse connections
LogInit:  - CertBundlePath = nullptr  - Libcurl will use whatever was configured at build time.
LogInit: Build: ++UE4+Release-4.18-CL-3832480
LogInit: Engine Version: 4.18.3-3832480+++UE4+Release-4.18
LogInit: Compatible Engine Version: 4.18.0-3709383+++UE4+Release-4.18
LogInit: Net CL: 3709383
LogDevObjectVersion: Number of dev versions registered: 16
LogDevObjectVersion:   Dev-Blueprints (B0D832E4-1F89-4F0D-ACCF-7EB736FD4AA2): 10
LogDevObjectVersion:   Dev-Build (E1C64328-A22C-4D53-A36C-8E866417BD8C): 0
LogDevObjectVersion:   Dev-Core (375EC13C-06E4-48FB-B500-84F0262A717E): 2
LogDevObjectVersion:   Dev-Editor (E4B068ED-F494-42E9-A231-DA0B2E46BB41): 20
LogDevObjectVersion:   Dev-Framework (CFFC743F-43B0-4480-9391-14DF171D2073): 30
LogDevObjectVersion:   Dev-Mobile (B02B49B5-BB20-44E9-A304-32B752E40360): 0
LogDevObjectVersion:   Dev-Networking (A4E4105C-59A1-49B5-A7C5-40C4547EDFEE): 0
LogDevObjectVersion:   Dev-Online (39C831C9-5AE6-47DC-9A44-9C173E1C8E7C): 0
LogDevObjectVersion:   Dev-Physics (78F01B33-EBEA-4F98-B9B4-84EACCB95AA2): 0
LogDevObjectVersion:   Dev-Platform (6631380F-2D4D-43E0-8009-CF276956A95A): 0
LogDevObjectVersion:   Dev-Rendering (12F88B9F-8875-4AFC-A67C-D90C383ABD29): 20
LogDevObjectVersion:   Dev-Sequencer (7B5AE74C-D270-4C10-A958-57980B212A5A): 4
LogDevObjectVersion:   Dev-VR (D7296918-1DD6-4BDD-9DE2-64A83CC13884): 0
LogDevObjectVersion:   Dev-LoadTimes (C2A15278-BFE7-4AFE-6C17-90FF531DF755): 1
LogDevObjectVersion:   Private-Geometry (6EACA3D4-40EC-4CC1-B786-8BED09428FC5): 1
LogDevObjectVersion:   Dev-AnimPhys (29E575DD-E0A3-4627-9D10-D276232CDCEA): 12
LogInit: Compiled (64-bit): Jan 12 2018 02:04:55
LogInit: Compiled with Visual C++: 19.00.24215.01
LogInit: Build Configuration: Development
LogInit: Branch Name: ++UE4+Release-4.18
LogInit: Command line: -EpicPortal 
LogInit: Base directory: H:/Unreal/UE_4.18/Engine/Binaries/Win64/
LogInit: Installed Engine Build: 1
LogInit: Presizing for max 8388607 objects, including 0 objects not considered by GC, pre-allocating 0 bytes for permanent pool.
LogInit: Object subsystem initialized
[2018.02.15-04.24.25:759][  0]LogInit: Selected Device Profile: [Windows]
[2018.02.15-04.24.25:759][  0]LogInit: Applying CVar settings loaded from the selected device profile: [Windows]
[2018.02.15-04.24.25:772][  0]LogInit: Computer: DESKTOP-1E6CSM8
[2018.02.15-04.24.25:772][  0]LogInit: User: Josias
[2018.02.15-04.24.25:772][  0]LogInit: CPU Page size=4096, Cores=4
[2018.02.15-04.24.25:772][  0]LogInit: High frequency timer resolution =3.613248 MHz
[2018.02.15-04.24.25:773][  0]LogMemory: Memory total: Physical=16.0GB (16GB approx)
[2018.02.15-04.24.25:773][  0]LogMemory: Platform Memory Stats for Windows
[2018.02.15-04.24.25:773][  0]LogMemory: Process Physical Memory: 275.26 MB used, 275.26 MB peak
[2018.02.15-04.24.25:773][  0]LogMemory: Process Virtual Memory: 271.91 MB used, 271.91 MB peak
[2018.02.15-04.24.25:773][  0]LogMemory: Physical Memory: 7125.58 MB used,  9210.28 MB free, 16335.86 MB total
[2018.02.15-04.24.25:773][  0]LogMemory: Virtual Memory: 679.98 MB used,  9210.28 MB free, 134217728.00 MB total
[2018.02.15-04.24.25:902][  0]LogInit: Using OS detected language (en-US).
[2018.02.15-04.24.25:902][  0]LogInit: Using OS detected locale (en-US).
[2018.02.15-04.24.25:905][  0]LogTextLocalizationManager: No specific localization for 'en-US' exists, so the 'en' localization will be used.
[2018.02.15-04.24.26:563][  0]LogD3D11RHI: D3D11 adapters:
[2018.02.15-04.24.26:607][  0]LogD3D11RHI:    0. 'NVIDIA GeForce GTX 1080' (Feature Level 11_0)
[2018.02.15-04.24.26:607][  0]LogD3D11RHI:       8086/0/8167 MB DedicatedVideo/DedicatedSystem/SharedSystem, Outputs:1, VendorId:0x10de
[2018.02.15-04.24.26:609][  0]LogD3D11RHI:    1. 'Microsoft Basic Render Driver' (Feature Level 11_0)
[2018.02.15-04.24.26:609][  0]LogD3D11RHI:       0/0/8167 MB DedicatedVideo/DedicatedSystem/SharedSystem, Outputs:0, VendorId:0x1414
[2018.02.15-04.24.26:609][  0]LogD3D11RHI: Chosen D3D11 Adapter: 0
[2018.02.15-04.24.26:616][  0]LogD3D11RHI: Creating new Direct3DDevice
[2018.02.15-04.24.26:616][  0]LogD3D11RHI:     GPU DeviceId: 0x1b80 (for the marketing name, search the web for "GPU Device Id")
[2018.02.15-04.24.26:616][  0]LogWindows: EnumDisplayDevices:
[2018.02.15-04.24.26:616][  0]LogWindows:    0. 'NVIDIA GeForce GTX 1080' (P:1 D:1)
[2018.02.15-04.24.26:617][  0]LogWindows:    1. 'NVIDIA GeForce GTX 1080' (P:0 D:0)
[2018.02.15-04.24.26:617][  0]LogWindows:    2. 'NVIDIA GeForce GTX 1080' (P:0 D:0)
[2018.02.15-04.24.26:617][  0]LogWindows:    3. 'NVIDIA GeForce GTX 1080' (P:0 D:0)
[2018.02.15-04.24.26:617][  0]LogWindows: DebugString: GetVideoDriverDetailsInvalid PrimaryIsNotTheChoosenAdapter GetVideoDriverDetailsInvalid PrimaryIsNotTheChoosenAdapter GetVideoDriverDetailsInvalid PrimaryIsNotTheChoosenAdapter GetVideoDriverDetailsInvalid PrimaryIsNotTheChoosenAdapter FoundDriverCount:0 
[2018.02.15-04.24.26:617][  0]LogD3D11RHI:     Adapter Name: NVIDIA GeForce GTX 1080
[2018.02.15-04.24.26:617][  0]LogD3D11RHI:   Driver Version: Unknown (internal:Unknown, unified:Unknown)
[2018.02.15-04.24.26:617][  0]LogD3D11RHI:      Driver Date: Unknown
[2018.02.15-04.24.26:617][  0]LogRHI: Texture pool is 5660 MB (70% of 8086 MB)
[2018.02.15-04.24.26:651][  0]LogD3D11RHI: Async texture creation enabled
[2018.02.15-04.24.26:728][  0]LogD3D11RHI: GPU Timing Frequency: 1000.000000 (Debug: 2 1)
[2018.02.15-04.24.26:776][  0]LogShaderCompilers: Guid format shader working directory is 6 characters bigger than the processId version (../../../../../PandaProject/PandaProject/Intermediate/Shaders/WorkingDirectory/13840/).
[2018.02.15-04.24.26:776][  0]LogShaderCompilers: Cleaned the shader compiler working directory 'C:/Users/Josias/AppData/Local/Temp/UnrealShaderWorkingDir/0E63657C457BF70D3181D48698B99C19/'.
[2018.02.15-04.24.26:776][  0]LogShaderCompilers: Display: Using Local Shader Compiler.
[2018.02.15-04.24.27:796][  0]LogTemp: Display: Loaded TP AllDesktopTargetPlatform
[2018.02.15-04.24.27:845][  0]LogTemp: Display: Loaded TP MacClientTargetPlatform
[2018.02.15-04.24.27:894][  0]LogTemp: Display: Loaded TP MacNoEditorTargetPlatform
[2018.02.15-04.24.27:943][  0]LogTemp: Display: Loaded TP MacServerTargetPlatform
[2018.02.15-04.24.27:992][  0]LogTemp: Display: Loaded TP MacTargetPlatform
[2018.02.15-04.24.28:041][  0]LogTemp: Display: Loaded TP WindowsClientTargetPlatform
[2018.02.15-04.24.28:091][  0]LogTemp: Display: Loaded TP WindowsNoEditorTargetPlatform
[2018.02.15-04.24.28:140][  0]LogTemp: Display: Loaded TP WindowsServerTargetPlatform
[2018.02.15-04.24.28:181][  0]LogTemp: Display: Loaded TP WindowsTargetPlatform
[2018.02.15-04.24.28:229][  0]LogTemp: Display: Loaded TP Android_ASTCTargetPlatform
[2018.02.15-04.24.28:277][  0]LogTemp: Display: Loaded TP Android_ATCTargetPlatform
[2018.02.15-04.24.28:325][  0]LogTemp: Display: Loaded TP Android_DXTTargetPlatform
[2018.02.15-04.24.28:373][  0]LogTemp: Display: Loaded TP Android_ETC1TargetPlatform
[2018.02.15-04.24.28:423][  0]LogTemp: Display: Loaded TP Android_ETC2TargetPlatform
[2018.02.15-04.24.28:528][  0]LogTemp: Display: Loaded TP Android_MultiTargetPlatform
[2018.02.15-04.24.28:528][  0]LogTemp: Display: Loaded TP Android_PVRTCTargetPlatform
[2018.02.15-04.24.28:578][  0]LogTemp: Display: Loaded TP AndroidTargetPlatform
[2018.02.15-04.24.28:614][  0]LogTemp: Display: Loaded TP HTML5TargetPlatform
[2018.02.15-04.24.28:700][  0]LogTemp: Display: Loaded TP IOSTargetPlatform
[2018.02.15-04.24.28:726][  0]LogTemp: Display: Loaded TP TVOSTargetPlatform
[2018.02.15-04.24.28:773][  0]LogTemp: Display: Loaded TP LinuxClientTargetPlatform
[2018.02.15-04.24.28:821][  0]LogTemp: Display: Loaded TP LinuxNoEditorTargetPlatform
[2018.02.15-04.24.28:869][  0]LogTemp: Display: Loaded TP LinuxServerTargetPlatform
[2018.02.15-04.24.28:917][  0]LogTemp: Display: Loaded TP LinuxTargetPlatform
[2018.02.15-04.24.28:917][  0]LogTargetPlatformManager: Display: Building Assets For Windows
[2018.02.15-04.24.29:341][  0]LogDerivedDataCache: Display: Max Cache Size: 512 MB
[2018.02.15-04.24.29:431][  0]LogDerivedDataCache: Loaded boot cache 0.09s 78MB C:/Users/Josias/AppData/Local/UnrealEngine/4.18/DerivedDataCache/Boot.ddc.
[2018.02.15-04.24.29:431][  0]LogDerivedDataCache: Display: Loaded Boot cache: C:/Users/Josias/AppData/Local/UnrealEngine/4.18/DerivedDataCache/Boot.ddc
[2018.02.15-04.24.29:431][  0]LogDerivedDataCache: FDerivedDataBackendGraph:  Pak pak cache file ../../../../../PandaProject/PandaProject/DerivedDataCache/DDC.ddp not found, will not use a pak cache.
[2018.02.15-04.24.29:431][  0]LogDerivedDataCache: Unable to find inner node Pak for hierarchical cache Hierarchy.
[2018.02.15-04.24.29:431][  0]LogDerivedDataCache: FDerivedDataBackendGraph:  CompressedPak pak cache file ../../../../../PandaProject/PandaProject/DerivedDataCache/Compressed.ddp not found, will not use a pak cache.
[2018.02.15-04.24.29:431][  0]LogDerivedDataCache: Unable to find inner node CompressedPak for hierarchical cache Hierarchy.
[2018.02.15-04.24.29:447][  0]LogDerivedDataCache: Display: Pak cache opened for reading ../../../Engine/DerivedDataCache/Compressed.ddp.
[2018.02.15-04.24.29:459][  0]LogDerivedDataCache: Using Local data cache path C:/Users/Josias/AppData/Local/UnrealEngine/Common/DerivedDataCache: Writable
[2018.02.15-04.24.29:471][  0]LogMaterial: Verifying Global Shaders for PCD3D_SM5
[2018.02.15-04.24.29:471][  0]LogSlate: Using Freetype 2.6.0
[2018.02.15-04.24.29:472][  0]LogSlate: SlateFontCache - WITH_FREETYPE: 1, WITH_HARFBUZZ: 1
[2018.02.15-04.24.29:472][  0]LogSlate: SlateFontCache - WITH_FREETYPE: 1, WITH_HARFBUZZ: 1
[2018.02.15-04.24.29:899][  0]LogInit: Selected Device Profile: [Windows]
[2018.02.15-04.24.30:217][  0]LogSimplygon: Simplygon DLL not present - disabling.
[2018.02.15-04.24.30:256][  0]LogMeshReduction: Using SimplygonSwarm for distributed automatic mesh merging
[2018.02.15-04.24.30:256][  0]LogMeshReduction: Using QuadricMeshReduction for automatic static mesh reduction
[2018.02.15-04.24.30:256][  0]LogMeshReduction: No automatic skeletal mesh reduction module available
[2018.02.15-04.24.30:256][  0]LogMeshReduction: No automatic mesh merging module available
[2018.02.15-04.24.30:256][  0]LogMeshMerging: No automatic mesh merging module available
[2018.02.15-04.24.30:282][  0]LogNetVersion: PandaProject , NetCL: 3709383, EngineNetVer: 2, GameNetVer: 0 (Checksum: 2581480394)
[2018.02.15-04.24.30:445][  0]LogAssetRegistry: FAssetRegistry took 0.0260 seconds to start up
[2018.02.15-04.24.30:982][  0]LogPackageLocalizationCache: Processed 7 localized package path(s) for 2 prioritized culture(s) in 0.085364 seconds
[2018.02.15-04.24.30:987][  0]LogUObjectArray: 35870 objects as part of root set at end of initial load.
[2018.02.15-04.24.30:987][  0]LogUObjectAllocator: 7363704 out of 0 bytes used by permanent object pool.
[2018.02.15-04.24.30:987][  0]LogUObjectArray: CloseDisregardForGC: 0/0 objects in disregard for GC pool
[2018.02.15-04.24.31:035][  0]LogInit: WinSock: version 1.1 (2.2), MaxSocks=32767, MaxUdp=65467
[2018.02.15-04.24.33:569][  0]LogTcpMessaging: Initializing TcpMessaging bridge
[2018.02.15-04.24.33:609][  0]LogUdpMessaging: Initializing bridge on interface 0.0.0.0:0 to multicast group 230.0.0.1:6666.
[2018.02.15-04.24.34:252][  0]LogMaterial: Uniform references updated for custom material expression Custom.
[2018.02.15-04.24.34:653][  0]SourceControl: Source control is disabled
[2018.02.15-04.24.34:654][  0]SourceControl: Source control is disabled
[2018.02.15-04.24.34:704][  0]SourceControl: Source control is disabled
[2018.02.15-04.24.34:753][  0]SourceControl: Source control is disabled
[2018.02.15-04.24.35:517][  0]LogAndroidPermission: UAndroidPermissionCallbackProxy::GetInstance
[2018.02.15-04.24.35:772][  0]LogOcInput: OculusInput pre-init called
[2018.02.15-04.24.36:045][  0]LogEngine: Initializing Engine...
[2018.02.15-04.24.36:047][  0]LogHMD: Failed to initialize OpenVR with code 110
[2018.02.15-04.24.36:285][  0]LogStats: UGameplayTagsManager::ConstructGameplayTagTree: Construct from data asset -  0.000 s
[2018.02.15-04.24.36:286][  0]LogStats: UGameplayTagsManager::ConstructGameplayTagTree: GameplayTagTreeChangedEvent.Broadcast -  0.000 s
[2018.02.15-04.24.36:406][  0]LogAIModule: Creating AISystem for world Untitled
[2018.02.15-04.24.36:416][  0]LogInit: XAudio2 using 'SONY TV-4 (NVIDIA High Definition Audio)' : 2 channels at 48 kHz using 16 bits per sample (channel mask 0x3)
[2018.02.15-04.24.36:428][  0]LogInit: FAudioDevice initialized.
[2018.02.15-04.24.36:513][  0]LogDerivedDataCache: Saved boot cache 0.08s 78MB C:/Users/Josias/AppData/Local/UnrealEngine/4.18/DerivedDataCache/Boot.ddc.
[2018.02.15-04.24.36:533][  0]LogInit: Texture streaming: Enabled
[2018.02.15-04.24.36:625][  0]LogEngineSessionManager: EngineSessionManager initialized
[2018.02.15-04.24.36:743][  0]LogInit: Transaction tracking system initialized
[2018.02.15-04.24.37:028][  0]BlueprintLog: New page: Editor Load
[2018.02.15-04.24.37:833][  0]LocalizationService: Localization service is disabled
[2018.02.15-04.24.38:518][  0]LogConsoleResponse: Display: 
[2018.02.15-04.24.38:685][  0]LogCook: Display: Max memory allowance for cook 16384mb min free memory 0mb
[2018.02.15-04.24.38:685][  0]LogCook: Display: Mobile HDR setting 1
[2018.02.15-04.24.38:685][  0]LogGameplayTags: Display: UGameplayTagsManager::DoneAddingNativeTags. DelegateIsBound: 0
[2018.02.15-04.24.38:983][  0]LogFileCache: Scanning file cache for directory 'H:/PandaProject/PandaProject/Content/' took 0.01s
[2018.02.15-04.24.39:775][  0]SourceControl: Source control is disabled
[2018.02.15-04.24.39:838][  0]LogWindowsTextInputMethodSystem: Display: IME system now deactivated.
[2018.02.15-04.24.39:838][  0]LogWindowsTextInputMethodSystem: Display: IME system now deactivated.
[2018.02.15-04.24.39:868][  0]LogSlate: Took 0.000278 seconds to synchronously load lazily loaded font '../../../Engine/Content/Slate/Fonts/Roboto-Regular.ttf' (155K)
[2018.02.15-04.24.46:485][  0]LogWindowsTextInputMethodSystem: Display: IME system now deactivated.
[2018.02.15-04.24.46:485][  0]LogWindowsTextInputMethodSystem: Display: IME system now deactivated.
[2018.02.15-04.24.46:488][  0]LogWindowsTextInputMethodSystem: Display: IME system now deactivated.
[2018.02.15-04.24.46:488][  0]LogWindowsTextInputMethodSystem: Display: IME system now deactivated.
[2018.02.15-04.24.46:494][  0]Cmd: MAP LOAD FILE="../../../../../PandaProject/PandaProject/Content/StarterContent/Maps/Minimal_Default.umap" TEMPLATE=0 SHOWPROGRESS=1 FEATURELEVEL=3
[2018.02.15-04.24.46:494][  0]LightingResults: New page: Lighting Build
[2018.02.15-04.24.46:539][  0]MapCheck: New page: Map Check
[2018.02.15-04.24.46:539][  0]LightingResults: New page: Lighting Build
[2018.02.15-04.24.46:769][  0]LogStaticMesh: Building static mesh SmallPlatform_Proxy...
[2018.02.15-04.24.46:790][  0]LogStaticMesh: Built static mesh [0.02s] /Game/Content/Meshes/ObstacleCourse_pieces/SmallPlatform_Proxy.SmallPlatform_Proxy
[2018.02.15-04.24.46:811][  0]LogStaticMesh: Building static mesh ClimbWall_Proxy...
[2018.02.15-04.24.46:813][  0]LogStaticMesh: Built static mesh [0.00s] /Game/Content/Meshes/ObstacleCourse_pieces/ClimbWall_Proxy.ClimbWall_Proxy
[2018.02.15-04.24.46:814][  0]LogStaticMesh: Building static mesh LargePlatform_Proxy...
[2018.02.15-04.24.46:816][  0]LogStaticMesh: Built static mesh [0.00s] /Game/Content/Meshes/ObstacleCourse_pieces/LargePlatform_Proxy.LargePlatform_Proxy
[2018.02.15-04.24.46:828][  0]LogAnimationCompression: Building Anim DDC data for AnimSequence /Game/Content/Animations/Pandaboy/Panda_Idle.Panda_Idle
[2018.02.15-04.24.46:828][  0]LogAnimationCompression: Recompressing (AnimSequence /Game/Content/Animations/Pandaboy/Panda_Idle.Panda_Idle) using current/default (AnimCompress_BitwiseCompressOnly_0) bFirstRecompressUsingCurrentOrDefault(1) bTryAlternateCompressor(0) IsCompressedDataValid(0)
[2018.02.15-04.24.46:834][  0]LogAnimationCompression: Building Anim DDC data for AnimSequence /Game/Content/Animations/Pandaboy/Panda_Idle2.Panda_Idle2
[2018.02.15-04.24.46:834][  0]LogAnimationCompression: Recompressing (AnimSequence /Game/Content/Animations/Pandaboy/Panda_Idle2.Panda_Idle2) using current/default (AnimCompress_BitwiseCompressOnly_0) bFirstRecompressUsingCurrentOrDefault(1) bTryAlternateCompressor(0) IsCompressedDataValid(0)
[2018.02.15-04.24.46:912][  0]LogAIModule: Creating AISystem for world Minimal_Default
[2018.02.15-04.24.46:926][  0]LogEditorServer: Finished looking for orphan Actors (0.000 secs)
[2018.02.15-04.24.46:938][  0]Cmd: MAP CHECKDEP NOCLEARLOG
[2018.02.15-04.24.46:990][  0]MapCheck: Map check complete: 0 Error(s), 0 Warning(s), took 50.872ms to complete.
[2018.02.15-04.24.46:990][  0]LogFileHelpers: Loading map 'Minimal_Default' took 0.496
[2018.02.15-04.24.47:075][  0]LogStats: Warning: MetaData mismatch. Did you assign a stat to two groups? New //STATGROUP_Threads//SplashScreenThread///Thread_2bfc_0///####STATCAT_Advanced#### old //STATGROUP_Threads//SplashScreenThread///Thread_2e98_0///####STATCAT_Advanced####
[2018.02.15-04.24.47:075][  0]LogCollectionManager: Loaded 0 collections in 0.001525 seconds
[2018.02.15-04.24.47:155][  0]LogFileCache: Scanning file cache for directory 'H:/PandaProject/PandaProject/Saved/Collections/' took 0.01s
[2018.02.15-04.24.47:156][  0]LogFileCache: Scanning file cache for directory 'H:/PandaProject/PandaProject/Content/Developers/Josias/Collections/' took 0.01s
[2018.02.15-04.24.47:156][  0]LogFileCache: Scanning file cache for directory 'H:/PandaProject/PandaProject/Content/Collections/' took 0.01s
[2018.02.15-04.24.47:156][  0]LogCollectionManager: Rebuilt the GUID cache for 0 collections in 0.000001 seconds
[2018.02.15-04.24.47:165][  0]LogContentBrowser: Native class hierarchy populated in 0.0097 seconds. Added 2363 classes and 519 folders.
[2018.02.15-04.24.47:225][  0]LogContentBrowser: Native class hierarchy updated for 'WidgetCarousel' in 0.0002 seconds. Added 0 classes and 0 folders.
[2018.02.15-04.24.47:263][  0]LogContentBrowser: Native class hierarchy updated for 'AddContentDialog' in 0.0002 seconds. Added 0 classes and 0 folders.
[2018.02.15-04.24.47:304][  0]LogContentBrowser: Native class hierarchy updated for 'SceneOutliner' in 0.0003 seconds. Added 1 classes and 2 folders.
[2018.02.15-04.24.47:380][  0]LogSlate: Took 0.000194 seconds to synchronously load lazily loaded font '../../../Engine/Content/Slate/Fonts/Roboto-Bold.ttf' (160K)
[2018.02.15-04.24.47:386][  0]LogSlate: Took 0.000228 seconds to synchronously load lazily loaded font '../../../Engine/Content/Editor/Slate/Fonts/FontAwesome.ttf' (139K)
[2018.02.15-04.24.47:511][  0]LogRenderer: Reallocating scene render targets to support 1208x580 Format 10 NumSamples 1 (Frame:1).
[2018.02.15-04.24.47:673][  0]LogContentBrowser: Native class hierarchy updated for 'HierarchicalLODOutliner' in 0.0003 seconds. Added 1 classes and 2 folders.
[2018.02.15-04.24.47:674][  0]LogLoad: (Engine Initialization) Total time: 24.14 seconds
[2018.02.15-04.24.47:674][  0]LogLoad: (Engine Initialization) Total Blueprint compile time: 0.00 seconds
[2018.02.15-04.24.47:674][  0]LogExternalProfiler: No external profilers were discovered.  External profiling features will not be available.
[2018.02.15-04.24.47:704][  0]LogContentStreaming: Texture pool size now 1000 MB
[2018.02.15-04.24.47:720][  0]LogSlate: Took 0.000252 seconds to synchronously load lazily loaded font '../../../Engine/Content/Slate/Fonts/Roboto-Light.ttf' (159K)
[2018.02.15-04.24.47:733][  1]LogAssetRegistry: Asset discovery search completed in 17.3094 seconds
[2018.02.15-04.24.47:735][  1]LogCollectionManager: Rebuilt the object cache for 0 collections in 0.000001 seconds (found 0 objects)
[2018.02.15-04.24.47:735][  1]LogCollectionManager: Fixed up redirectors for 0 collections in 0.000061 seconds (updated 0 objects)
[2018.02.15-04.24.49:309][155]LogTemp: Repeating last play command: Selected Viewport
[2018.02.15-04.24.49:387][155]LogBlueprintUserMessages: Early PlayInEditor Detection: Level '/Game/StarterContent/Maps/Minimal_Default.Minimal_Default:PersistentLevel' has LevelScriptBlueprint '/Game/StarterContent/Maps/Minimal_Default.Minimal_Default:PersistentLevel.Minimal_Default' with GeneratedClass '/Game/StarterContent/Maps/Minimal_Default.Minimal_Default_C' with ClassGeneratedBy '/Game/StarterContent/Maps/Minimal_Default.Minimal_Default:PersistentLevel.Minimal_Default'
[2018.02.15-04.24.49:387][155]LogPlayLevel: PlayLevel: No blueprints needed recompiling
[2018.02.15-04.24.49:388][155]PIE: New page: PIE session: Minimal_Default (Feb 16, 2018, 1:24:49 AM)
[2018.02.15-04.24.49:388][155]LogPlayLevel: Creating play world package: /Game/StarterContent/Maps/UEDPIE_0_Minimal_Default
[2018.02.15-04.24.49:395][155]LogPlayLevel: PIE: StaticDuplicateObject took: (0.006848s)
[2018.02.15-04.24.49:395][155]LogAIModule: Creating AISystem for world Minimal_Default
[2018.02.15-04.24.49:395][155]LogPlayLevel: PIE: World Init took: (0.000738s)
[2018.02.15-04.24.49:396][155]LogPlayLevel: PIE: Created PIE world by copying editor world from /Game/StarterContent/Maps/Minimal_Default.Minimal_Default to /Game/StarterContent/Maps/UEDPIE_0_Minimal_Default.Minimal_Default (0.007889s)
[2018.02.15-04.24.49:409][155]LogInit: XAudio2 using 'SONY TV-4 (NVIDIA High Definition Audio)' : 2 channels at 48 kHz using 16 bits per sample (channel mask 0x3)
[2018.02.15-04.24.49:417][155]LogInit: FAudioDevice initialized.
[2018.02.15-04.24.49:457][155]LogLoad: Game class is 'GameModeBase'
[2018.02.15-04.24.49:460][155]LogWorld: Bringing World /Game/StarterContent/Maps/UEDPIE_0_Minimal_Default.Minimal_Default up for play (max tick rate 0) at 2018.02.15-14.54.49
[2018.02.15-04.24.49:461][155]LogWorld: Bringing up level for play took: 0.002240
[2018.02.15-04.24.49:500][155]LogContentBrowser: Native class hierarchy updated for 'MovieSceneCapture' in 0.0003 seconds. Added 11 classes and 0 folders.
[2018.02.15-04.24.49:501][155]PIE: Play in editor start time for /Game/StarterContent/Maps/UEDPIE_0_Minimal_Default -0.031
[2018.02.15-04.24.49:501][155]LogBlueprintUserMessages: Late PlayInEditor Detection: Level '/Game/StarterContent/Maps/Minimal_Default.Minimal_Default:PersistentLevel' has LevelScriptBlueprint '/Game/StarterContent/Maps/Minimal_Default.Minimal_Default:PersistentLevel.Minimal_Default' with GeneratedClass '/Game/StarterContent/Maps/Minimal_Default.Minimal_Default_C' with ClassGeneratedBy '/Game/StarterContent/Maps/Minimal_Default.Minimal_Default:PersistentLevel.Minimal_Default'
[2018.02.15-04.25.04:691][961]LogBlueprintUserMessages: Early EndPlayMap Detection: Level '/Game/StarterContent/Maps/Minimal_Default.Minimal_Default:PersistentLevel' has LevelScriptBlueprint '/Game/StarterContent/Maps/Minimal_Default.Minimal_Default:PersistentLevel.Minimal_Default' with GeneratedClass '/Game/StarterContent/Maps/Minimal_Default.Minimal_Default_C' with ClassGeneratedBy '/Game/StarterContent/Maps/Minimal_Default.Minimal_Default:PersistentLevel.Minimal_Default'
[2018.02.15-04.25.04:722][961]LogBlueprintUserMessages: Late EndPlayMap Detection: Level '/Game/StarterContent/Maps/Minimal_Default.Minimal_Default:PersistentLevel' has LevelScriptBlueprint '/Game/StarterContent/Maps/Minimal_Default.Minimal_Default:PersistentLevel.Minimal_Default' with GeneratedClass '/Game/StarterContent/Maps/Minimal_Default.Minimal_Default_C' with ClassGeneratedBy '/Game/StarterContent/Maps/Minimal_Default.Minimal_Default:PersistentLevel.Minimal_Default'
[2018.02.15-04.25.17:322][178]LogTemp: Repeating last play command: Selected Viewport
[2018.02.15-04.25.17:337][178]LogBlueprintUserMessages: Early PlayInEditor Detection: Level '/Game/StarterContent/Maps/Minimal_Default.Minimal_Default:PersistentLevel' has LevelScriptBlueprint '/Game/StarterContent/Maps/Minimal_Default.Minimal_Default:PersistentLevel.Minimal_Default' with GeneratedClass '/Game/StarterContent/Maps/Minimal_Default.Minimal_Default_C' with ClassGeneratedBy '/Game/StarterContent/Maps/Minimal_Default.Minimal_Default:PersistentLevel.Minimal_Default'
[2018.02.15-04.25.17:337][178]LogPlayLevel: PlayLevel: No blueprints needed recompiling
[2018.02.15-04.25.17:337][178]PIE: New page: PIE session: Minimal_Default (Feb 16, 2018, 1:25:17 AM)
[2018.02.15-04.25.17:337][178]LogPlayLevel: Creating play world package: /Game/StarterContent/Maps/UEDPIE_0_Minimal_Default
[2018.02.15-04.25.17:343][178]LogPlayLevel: PIE: StaticDuplicateObject took: (0.006205s)
[2018.02.15-04.25.17:344][178]LogAIModule: Creating AISystem for world Minimal_Default
[2018.02.15-04.25.17:344][178]LogPlayLevel: PIE: World Init took: (0.000676s)
[2018.02.15-04.25.17:344][178]LogPlayLevel: PIE: Created PIE world by copying editor world from /Game/StarterContent/Maps/Minimal_Default.Minimal_Default to /Game/StarterContent/Maps/UEDPIE_0_Minimal_Default.Minimal_Default (0.007172s)
[2018.02.15-04.25.17:358][178]LogInit: XAudio2 using 'SONY TV-4 (NVIDIA High Definition Audio)' : 2 channels at 48 kHz using 16 bits per sample (channel mask 0x3)
[2018.02.15-04.25.17:365][178]LogInit: FAudioDevice initialized.
[2018.02.15-04.25.17:395][178]LogLoad: Game class is 'GameModeBase'
[2018.02.15-04.25.17:398][178]LogWorld: Bringing World /Game/StarterContent/Maps/UEDPIE_0_Minimal_Default.Minimal_Default up for play (max tick rate 0) at 2018.02.15-14.55.17
[2018.02.15-04.25.17:398][178]LogWorld: Bringing up level for play took: 0.002270
[2018.02.15-04.25.17:399][178]PIE: Play in editor start time for /Game/StarterContent/Maps/UEDPIE_0_Minimal_Default -0.132
[2018.02.15-04.25.17:400][178]LogBlueprintUserMessages: Late PlayInEditor Detection: Level '/Game/StarterContent/Maps/Minimal_Default.Minimal_Default:PersistentLevel' has LevelScriptBlueprint '/Game/StarterContent/Maps/Minimal_Default.Minimal_Default:PersistentLevel.Minimal_Default' with GeneratedClass '/Game/StarterContent/Maps/Minimal_Default.Minimal_Default_C' with ClassGeneratedBy '/Game/StarterContent/Maps/Minimal_Default.Minimal_Default:PersistentLevel.Minimal_Default'
[2018.02.15-04.25.18:236][274]LogBlueprintUserMessages: Early EndPlayMap Detection: Level '/Game/StarterContent/Maps/Minimal_Default.Minimal_Default:PersistentLevel' has LevelScriptBlueprint '/Game/StarterContent/Maps/Minimal_Default.Minimal_Default:PersistentLevel.Minimal_Default' with GeneratedClass '/Game/StarterContent/Maps/Minimal_Default.Minimal_Default_C' with ClassGeneratedBy '/Game/StarterContent/Maps/Minimal_Default.Minimal_Default:PersistentLevel.Minimal_Default'
[2018.02.15-04.25.18:271][274]LogBlueprintUserMessages: Late EndPlayMap Detection: Level '/Game/StarterContent/Maps/Minimal_Default.Minimal_Default:PersistentLevel' has LevelScriptBlueprint '/Game/StarterContent/Maps/Minimal_Default.Minimal_Default:PersistentLevel.Minimal_Default' with GeneratedClass '/Game/StarterContent/Maps/Minimal_Default.Minimal_Default_C' with ClassGeneratedBy '/Game/StarterContent/Maps/Minimal_Default.Minimal_Default:PersistentLevel.Minimal_Default'
[2018.02.15-04.25.22:364][614]LogSlate: Took 0.000193 seconds to synchronously load lazily loaded font '../../../Engine/Content/Slate/Fonts/Roboto-Light.ttf' (159K)
[2018.02.15-04.25.25:848][837]LogTemp: Repeating last play command: Selected Viewport
[2018.02.15-04.25.25:862][837]LogBlueprintUserMessages: Early PlayInEditor Detection: Level '/Game/StarterContent/Maps/Minimal_Default.Minimal_Default:PersistentLevel' has LevelScriptBlueprint '/Game/StarterContent/Maps/Minimal_Default.Minimal_Default:PersistentLevel.Minimal_Default' with GeneratedClass '/Game/StarterContent/Maps/Minimal_Default.Minimal_Default_C' with ClassGeneratedBy '/Game/StarterContent/Maps/Minimal_Default.Minimal_Default:PersistentLevel.Minimal_Default'
[2018.02.15-04.25.25:862][837]LogPlayLevel: PlayLevel: No blueprints needed recompiling
[2018.02.15-04.25.25:862][837]PIE: New page: PIE session: Minimal_Default (Feb 16, 2018, 1:25:25 AM)
[2018.02.15-04.25.25:862][837]LogPlayLevel: Creating play world package: /Game/StarterContent/Maps/UEDPIE_0_Minimal_Default
[2018.02.15-04.25.25:869][837]LogPlayLevel: PIE: StaticDuplicateObject took: (0.006552s)
[2018.02.15-04.25.25:869][837]LogAIModule: Creating AISystem for world Minimal_Default
[2018.02.15-04.25.25:870][837]LogPlayLevel: PIE: World Init took: (0.000791s)
[2018.02.15-04.25.25:870][837]LogPlayLevel: PIE: Created PIE world by copying editor world from /Game/StarterContent/Maps/Minimal_Default.Minimal_Default to /Game/StarterContent/Maps/UEDPIE_0_Minimal_Default.Minimal_Default (0.007669s)
[2018.02.15-04.25.25:883][837]LogInit: XAudio2 using 'SONY TV-4 (NVIDIA High Definition Audio)' : 2 channels at 48 kHz using 16 bits per sample (channel mask 0x3)
[2018.02.15-04.25.25:890][837]LogInit: FAudioDevice initialized.
[2018.02.15-04.25.25:921][837]LogLoad: Game class is 'GameModeBase'
[2018.02.15-04.25.25:923][837]LogWorld: Bringing World /Game/StarterContent/Maps/UEDPIE_0_Minimal_Default.Minimal_Default up for play (max tick rate 0) at 2018.02.15-14.55.25
[2018.02.15-04.25.25:924][837]LogWorld: Bringing up level for play took: 0.002182
[2018.02.15-04.25.25:925][837]PIE: Play in editor start time for /Game/StarterContent/Maps/UEDPIE_0_Minimal_Default 0.394
[2018.02.15-04.25.25:925][837]LogBlueprintUserMessages: Late PlayInEditor Detection: Level '/Game/StarterContent/Maps/Minimal_Default.Minimal_Default:PersistentLevel' has LevelScriptBlueprint '/Game/StarterContent/Maps/Minimal_Default.Minimal_Default:PersistentLevel.Minimal_Default' with GeneratedClass '/Game/StarterContent/Maps/Minimal_Default.Minimal_Default_C' with ClassGeneratedBy '/Game/StarterContent/Maps/Minimal_Default.Minimal_Default:PersistentLevel.Minimal_Default'
[2018.02.15-04.25.32:934][674]LogBlueprintUserMessages: Early EndPlayMap Detection: Level '/Game/StarterContent/Maps/Minimal_Default.Minimal_Default:PersistentLevel' has LevelScriptBlueprint '/Game/StarterContent/Maps/Minimal_Default.Minimal_Default:PersistentLevel.Minimal_Default' with GeneratedClass '/Game/StarterContent/Maps/Minimal_Default.Minimal_Default_C' with ClassGeneratedBy '/Game/StarterContent/Maps/Minimal_Default.Minimal_Default:PersistentLevel.Minimal_Default'
[2018.02.15-04.25.32:967][674]LogBlueprintUserMessages: Late EndPlayMap Detection: Level '/Game/StarterContent/Maps/Minimal_Default.Minimal_Default:PersistentLevel' has LevelScriptBlueprint '/Game/StarterContent/Maps/Minimal_Default.Minimal_Default:PersistentLevel.Minimal_Default' with GeneratedClass '/Game/StarterContent/Maps/Minimal_Default.Minimal_Default_C' with ClassGeneratedBy '/Game/StarterContent/Maps/Minimal_Default.Minimal_Default:PersistentLevel.Minimal_Default'
[2018.02.15-04.25.35:366][945]LogSlate: Took 0.000192 seconds to synchronously load lazily loaded font '../../../Engine/Content/Slate/Fonts/Roboto-Light.ttf' (159K)
[2018.02.15-04.25.35:533][945]LogSavePackage: Save=127.12ms
[2018.02.15-04.25.35:533][945]LogSavePackage: Moving '../../../../../PandaProject/PandaProject/Saved/Minimal_Default26964EF84D8DF7C9354EBB9A83DA0151.tmp' to '../../../../../PandaProject/PandaProject/Content/StarterContent/Maps/Minimal_Default.umap'
[2018.02.15-04.25.35:540][945]LogSavePackage: Display: Finished SavePackage ../../../../../PandaProject/PandaProject/Content/StarterContent/Maps/Minimal_Default.umap
[2018.02.15-04.25.35:568][945]Cmd: OBJ SAVEPACKAGE PACKAGE="/Game/StarterContent/Maps/Minimal_Default_BuiltData" FILE="../../../../../PandaProject/PandaProject/Content/StarterContent/Maps/Minimal_Default_BuiltData.uasset" SILENT=true
[2018.02.15-04.25.35:596][945]LogSavePackage: Save=18.72ms
[2018.02.15-04.25.35:596][945]LogSavePackage: Moving '../../../../../PandaProject/PandaProject/Saved/Minimal_Default_BuiltDataF3F0B2DA476224665B91FF9576B39444.tmp' to '../../../../../PandaProject/PandaProject/Content/StarterContent/Maps/Minimal_Default_BuiltData.uasset'
[2018.02.15-04.25.35:598][945]LogSavePackage: Display: Finished SavePackage ../../../../../PandaProject/PandaProject/Content/StarterContent/Maps/Minimal_Default_BuiltData.uasset
[2018.02.15-04.25.59:651][316]MapCheck: New page: Map Check
[2018.02.15-04.25.59:672][316]LightingResults: New page: Lighting Build - Feb 16, 2018, 1:25:59 AM
[2018.02.15-04.25.59:759][316]LogSwarmInterface: [OpenConnection] Registering TCP channel ...
[2018.02.15-04.25.59:856][316]LogSwarmInterface: [OpenConnection] Connecting to agent ...
[2018.02.15-04.25.59:869][316]LogSwarmInterface: [TryOpenConnection] Testing the Agent
[2018.02.15-04.26.00:378][316]LogSwarmInterface: [TryOpenConnection] Opening Connection to Agent
[2018.02.15-04.26.00:378][316]LogSwarmInterface: [TryOpenConnection] Local Process ID is 13840
[2018.02.15-04.26.02:912][316]LogStaticLightingSystem: Warning: No importance volume found, so the scene bounding box was used.  You can optimize your scene's quality and lighting build times by adding importance volumes.
[2018.02.15-04.26.02:913][316]LogStaticLightingSystem: Running Lightmass w/ ImmediateImport mode ENABLED
[2018.02.15-04.26.02:913][316]LogStaticLightingSystem: Running Lightmass w/ ImmediateProcess mode ENABLED
[2018.02.15-04.26.02:913][316]LogStaticLightingSystem: Running Lightmass w/ Sorting mode ENABLED
[2018.02.15-04.26.02:913][316]LogStaticLightingSystem: Running Lightmass w/ Mapping paddings ENABLED
[2018.02.15-04.26.02:913][316]LogStaticLightingSystem: Running Lightmass w/ Mapping debug paddings DISABLED
[2018.02.15-04.26.03:094][316]LogEditorBuildUtils: Build time 0:03
[2018.02.15-04.26.05:295][324]Job is a success!
[2018.02.15-04.26.05:765][325]LogVolumetricLightmapImport: Imported Volumetric Lightmap in 0.009s
[2018.02.15-04.26.05:765][325]LogVolumetricLightmapImport:      Indirection Texture 16x16x16 = 0.0Mb
[2018.02.15-04.26.05:765][325]LogVolumetricLightmapImport:      BrickData 90x5x5 = 0.1Mb
[2018.02.15-04.26.05:765][325]LogVolumetricLightmapImport:      Bricks at Level
[2018.02.15-04.26.05:765][325]LogVolumetricLightmapImport:          0: 5.6% covering 100.0% of volume
[2018.02.15-04.26.05:765][325]LogVolumetricLightmapImport:          1: 11.1% covering 3.1% of volume
[2018.02.15-04.26.05:765][325]LogVolumetricLightmapImport:          2: 83.3% covering 0.4% of volume
[2018.02.15-04.26.05:987][325]LogTexture: Display: Building textures: SkyOcclusion0_1 (AutoDXT, 512X256)
[2018.02.15-04.26.05:987][325]LogTexture: Display: Building textures: HQ_Lightmap0_1 (AutoDXT, 512X512)
[2018.02.15-04.26.05:987][325]LogTexture: Display: Building textures: LQ_Lightmap_0_1 (DXT1, 512X512)
[2018.02.15-04.26.05:987][325]LogTexture: Display: Building textures: SkyOcclusion0_2 (AutoDXT, 64X32)
[2018.02.15-04.26.05:987][325]LogTexture: Display: Building textures: LQ_Lightmap_0_2 (DXT1, 64X64)
[2018.02.15-04.26.05:987][325]LogTexture: Display: Building textures: HQ_Lightmap0_2 (AutoDXT, 64X64)
[2018.02.15-04.26.05:987][325]LogTexture: Display: Building textures: ShadowMapTexture2D_1 (G8, 32X32)
[2018.02.15-04.26.05:987][325]LogTexture: Display: Building textures: ShadowMapTexture2D_0 (G8, 1024X128)
[2018.02.15-04.26.06:034][325]Lightmass on DESKTOP-1E6CSM8: 1.92 sec total, 156 ms importing, 15 ms setup, 378 ms photons, 1.33 sec processing, 0 ms extra exporting [20/20 mappings]. Threads: 9.21 sec total, 1.04 sec processing.
[2018.02.15-04.26.06:093][325]LogStaticLightingSystem: Illumination: 6.05 sec (128 ms encoding lightmaps, 40 ms encoding shadowmaps)
[2018.02.15-04.26.06:093][325]LogStaticLightingSystem: Lightmap texture memory:  0.7 MB (0.7 MB streaming, 0.0 MB non-streaming), 4 textures
[2018.02.15-04.26.06:093][325]LogStaticLightingSystem: Shadowmap texture memory: 0.2 MB (0.2 MB streaming, 0.0 MB non-streaming), 2 textures
[2018.02.15-04.26.06:903][325]DumpUnbuiltLightIteractions
[2018.02.15-04.26.06:903][325]Lights with unbuilt interactions: 0
[2018.02.15-04.26.06:903][325]
[2018.02.15-04.26.06:903][325]Primitives with unbuilt interactions: 0
[2018.02.15-04.26.06:909][326]Cmd: MAP CHECK NOTIFYRESULTS
[2018.02.15-04.26.06:909][326]MapCheck: New page: Minimal_Default - Feb 16, 2018, 1:26:06 AM
[2018.02.15-04.26.06:910][326]MapCheck: Warning: Starter_Background_Cue_2 Ambient sound actor has NULL Sound Cue property 
[2018.02.15-04.26.06:960][326]MapCheck: Map check complete: 0 Error(s), 1 Warning(s), took 51.317ms to complete.
[2018.02.15-04.26.53:141][144]LogContentBrowser: Native class hierarchy updated for 'BlueprintGraph' in 0.0007 seconds. Added 116 classes and 0 folders.
[2018.02.15-04.26.53:964][144]LogSlate: Took 0.000172 seconds to synchronously load lazily loaded font '../../../Engine/Content/Slate/Fonts/Roboto-Regular.ttf' (155K)
[2018.02.15-04.26.54:136][144]LogRenderer: Reallocating scene render targets to support 1208x720 Format 10 NumSamples 1 (Frame:1).
[2018.02.15-04.26.54:793][194]LogSlate: Took 0.003479 seconds to synchronously load lazily loaded font '../../../Engine/Content/Editor/Slate/Fonts/Roboto-Italic.ttf' (157K)
[2018.02.15-04.27.51:122][168]LogTemp: Repeating last play command: Selected Viewport
[2018.02.15-04.27.51:143][168]LogBlueprintUserMessages: Early PlayInEditor Detection: Level '/Game/StarterContent/Maps/Minimal_Default.Minimal_Default:PersistentLevel' has LevelScriptBlueprint '/Game/StarterContent/Maps/Minimal_Default.Minimal_Default:PersistentLevel.Minimal_Default' with GeneratedClass '/Game/StarterContent/Maps/Minimal_Default.Minimal_Default_C' with ClassGeneratedBy '/Game/StarterContent/Maps/Minimal_Default.Minimal_Default:PersistentLevel.Minimal_Default'
[2018.02.15-04.27.51:143][168]BlueprintLog: New page: Pre-Play auto-recompile
[2018.02.15-04.27.51:145][168]LogPlayLevel: [PlayLevel] Compiling panda_character_controller before play...
[2018.02.15-04.27.51:495][168]LogPlayLevel: PlayLevel: Blueprint regeneration took 351 ms (1 blueprints)
[2018.02.15-04.27.51:495][168]PIE: New page: PIE session: Minimal_Default (Feb 16, 2018, 1:27:51 AM)
[2018.02.15-04.27.51:495][168]LogPlayLevel: Creating play world package: /Game/StarterContent/Maps/UEDPIE_0_Minimal_Default
[2018.02.15-04.27.51:499][168]LogPlayLevel: PIE: StaticDuplicateObject took: (0.003783s)
[2018.02.15-04.27.51:500][168]LogAIModule: Creating AISystem for world Minimal_Default
[2018.02.15-04.27.51:500][168]LogPlayLevel: PIE: World Init took: (0.000916s)
[2018.02.15-04.27.51:500][168]LogPlayLevel: PIE: Created PIE world by copying editor world from /Game/StarterContent/Maps/Minimal_Default.Minimal_Default to /Game/StarterContent/Maps/UEDPIE_0_Minimal_Default.Minimal_Default (0.004954s)
[2018.02.15-04.27.51:520][168]LogInit: XAudio2 using 'SONY TV-4 (NVIDIA High Definition Audio)' : 2 channels at 48 kHz using 16 bits per sample (channel mask 0x3)
[2018.02.15-04.27.51:528][168]LogInit: FAudioDevice initialized.
[2018.02.15-04.27.51:558][168]LogLoad: Game class is 'GameModeBase'
[2018.02.15-04.27.51:560][168]LogWorld: Bringing World /Game/StarterContent/Maps/UEDPIE_0_Minimal_Default.Minimal_Default up for play (max tick rate 0) at 2018.02.15-14.57.51
[2018.02.15-04.27.51:561][168]LogWorld: Bringing up level for play took: 0.002187
[2018.02.15-04.27.51:562][168]PIE: Play in editor start time for /Game/StarterContent/Maps/UEDPIE_0_Minimal_Default 0.03
[2018.02.15-04.27.51:562][168]LogBlueprintUserMessages: Late PlayInEditor Detection: Level '/Game/StarterContent/Maps/Minimal_Default.Minimal_Default:PersistentLevel' has LevelScriptBlueprint '/Game/StarterContent/Maps/Minimal_Default.Minimal_Default:PersistentLevel.Minimal_Default' with GeneratedClass '/Game/StarterContent/Maps/Minimal_Default.Minimal_Default_C' with ClassGeneratedBy '/Game/StarterContent/Maps/Minimal_Default.Minimal_Default:PersistentLevel.Minimal_Default'
[2018.02.15-04.27.52:604][279]LogBlueprintUserMessages: Early EndPlayMap Detection: Level '/Game/StarterContent/Maps/Minimal_Default.Minimal_Default:PersistentLevel' has LevelScriptBlueprint '/Game/StarterContent/Maps/Minimal_Default.Minimal_Default:PersistentLevel.Minimal_Default' with GeneratedClass '/Game/StarterContent/Maps/Minimal_Default.Minimal_Default_C' with ClassGeneratedBy '/Game/StarterContent/Maps/Minimal_Default.Minimal_Default:PersistentLevel.Minimal_Default'
[2018.02.15-04.27.52:638][279]LogBlueprintUserMessages: Late EndPlayMap Detection: Level '/Game/StarterContent/Maps/Minimal_Default.Minimal_Default:PersistentLevel' has LevelScriptBlueprint '/Game/StarterContent/Maps/Minimal_Default.Minimal_Default:PersistentLevel.Minimal_Default' with GeneratedClass '/Game/StarterContent/Maps/Minimal_Default.Minimal_Default_C' with ClassGeneratedBy '/Game/StarterContent/Maps/Minimal_Default.Minimal_Default:PersistentLevel.Minimal_Default'
[2018.02.15-04.27.57:887][674]LogSlate: Warning: Prevented a slow task dialog from being summoned while a context menu was open
[2018.02.15-04.28.04:263][ 25]LogUObjectGlobals: Warning: Failed to find object 'Class None.None'
[2018.02.15-04.28.17:950][748]LogTemp: Repeating last play command: Selected Viewport
[2018.02.15-04.28.17:966][748]LogBlueprintUserMessages: Early PlayInEditor Detection: Level '/Game/StarterContent/Maps/Minimal_Default.Minimal_Default:PersistentLevel' has LevelScriptBlueprint '/Game/StarterContent/Maps/Minimal_Default.Minimal_Default:PersistentLevel.Minimal_Default' with GeneratedClass '/Game/StarterContent/Maps/Minimal_Default.Minimal_Default_C' with ClassGeneratedBy '/Game/StarterContent/Maps/Minimal_Default.Minimal_Default:PersistentLevel.Minimal_Default'
[2018.02.15-04.28.17:967][748]LogPlayLevel: PlayLevel: No blueprints needed recompiling
[2018.02.15-04.28.17:967][748]PIE: New page: PIE session: Minimal_Default (Feb 16, 2018, 1:28:17 AM)
[2018.02.15-04.28.17:967][748]LogPlayLevel: Creating play world package: /Game/StarterContent/Maps/UEDPIE_0_Minimal_Default
[2018.02.15-04.28.17:971][748]LogPlayLevel: PIE: StaticDuplicateObject took: (0.003769s)
[2018.02.15-04.28.17:971][748]LogAIModule: Creating AISystem for world Minimal_Default
[2018.02.15-04.28.17:971][748]LogPlayLevel: PIE: World Init took: (0.000728s)
[2018.02.15-04.28.17:972][748]LogPlayLevel: PIE: Created PIE world by copying editor world from /Game/StarterContent/Maps/Minimal_Default.Minimal_Default to /Game/StarterContent/Maps/UEDPIE_0_Minimal_Default.Minimal_Default (0.004788s)
[2018.02.15-04.28.17:992][748]LogInit: XAudio2 using 'SONY TV-4 (NVIDIA High Definition Audio)' : 2 channels at 48 kHz using 16 bits per sample (channel mask 0x3)
[2018.02.15-04.28.18:000][748]LogInit: FAudioDevice initialized.
[2018.02.15-04.28.18:032][748]LogLoad: Game class is 'GameMode'
[2018.02.15-04.28.18:034][748]LogWorld: Bringing World /Game/StarterContent/Maps/UEDPIE_0_Minimal_Default.Minimal_Default up for play (max tick rate 0) at 2018.02.15-14.58.18
[2018.02.15-04.28.18:035][748]LogWorld: Bringing up level for play took: 0.002203
[2018.02.15-04.28.18:035][748]LogGameMode: Display: Match State Changed from EnteringMap to WaitingToStart
[2018.02.15-04.28.18:035][748]LogGameState: Match State Changed from EnteringMap to WaitingToStart
[2018.02.15-04.28.18:035][748]LogGameMode: Display: Match State Changed from WaitingToStart to InProgress
[2018.02.15-04.28.18:036][748]LogGameState: Match State Changed from WaitingToStart to InProgress
[2018.02.15-04.28.18:036][748]PIE: Play in editor start time for /Game/StarterContent/Maps/UEDPIE_0_Minimal_Default 0.505
[2018.02.15-04.28.18:037][748]LogBlueprintUserMessages: Late PlayInEditor Detection: Level '/Game/StarterContent/Maps/Minimal_Default.Minimal_Default:PersistentLevel' has LevelScriptBlueprint '/Game/StarterContent/Maps/Minimal_Default.Minimal_Default:PersistentLevel.Minimal_Default' with GeneratedClass '/Game/StarterContent/Maps/Minimal_Default.Minimal_Default_C' with ClassGeneratedBy '/Game/StarterContent/Maps/Minimal_Default.Minimal_Default:PersistentLevel.Minimal_Default'
[2018.02.15-04.28.19:911][960]LogBlueprintUserMessages: Early EndPlayMap Detection: Level '/Game/StarterContent/Maps/Minimal_Default.Minimal_Default:PersistentLevel' has LevelScriptBlueprint '/Game/StarterContent/Maps/Minimal_Default.Minimal_Default:PersistentLevel.Minimal_Default' with GeneratedClass '/Game/StarterContent/Maps/Minimal_Default.Minimal_Default_C' with ClassGeneratedBy '/Game/StarterContent/Maps/Minimal_Default.Minimal_Default:PersistentLevel.Minimal_Default'
[2018.02.15-04.28.19:946][960]LogBlueprintUserMessages: Late EndPlayMap Detection: Level '/Game/StarterContent/Maps/Minimal_Default.Minimal_Default:PersistentLevel' has LevelScriptBlueprint '/Game/StarterContent/Maps/Minimal_Default.Minimal_Default:PersistentLevel.Minimal_Default' with GeneratedClass '/Game/StarterContent/Maps/Minimal_Default.Minimal_Default_C' with ClassGeneratedBy '/Game/StarterContent/Maps/Minimal_Default.Minimal_Default:PersistentLevel.Minimal_Default'
[2018.02.15-04.29.51:507][ 57]LogSlate: Warning: Prevented a slow task dialog from being summoned while a context menu was open
[2018.02.15-04.30.01:582][720]BlueprintLog: New page: Compile platformer_gamemode
[2018.02.15-04.30.07:028][174]LogSlate: Warning: Prevented a slow task dialog from being summoned while a context menu was open
[2018.02.15-04.30.16:667][792]LogTemp: Repeating last play command: Selected Viewport
[2018.02.15-04.30.16:686][792]LogBlueprintUserMessages: Early PlayInEditor Detection: Level '/Game/StarterContent/Maps/Minimal_Default.Minimal_Default:PersistentLevel' has LevelScriptBlueprint '/Game/StarterContent/Maps/Minimal_Default.Minimal_Default:PersistentLevel.Minimal_Default' with GeneratedClass '/Game/StarterContent/Maps/Minimal_Default.Minimal_Default_C' with ClassGeneratedBy '/Game/StarterContent/Maps/Minimal_Default.Minimal_Default:PersistentLevel.Minimal_Default'
[2018.02.15-04.30.16:686][792]LogPlayLevel: PlayLevel: No blueprints needed recompiling
[2018.02.15-04.30.16:686][792]PIE: New page: PIE session: Minimal_Default (Feb 16, 2018, 1:30:16 AM)
[2018.02.15-04.30.16:686][792]LogPlayLevel: Creating play world package: /Game/StarterContent/Maps/UEDPIE_0_Minimal_Default
[2018.02.15-04.30.16:690][792]LogPlayLevel: PIE: StaticDuplicateObject took: (0.003861s)
[2018.02.15-04.30.16:691][792]LogAIModule: Creating AISystem for world Minimal_Default
[2018.02.15-04.30.16:691][792]LogPlayLevel: PIE: World Init took: (0.000898s)
[2018.02.15-04.30.16:691][792]LogPlayLevel: PIE: Created PIE world by copying editor world from /Game/StarterContent/Maps/Minimal_Default.Minimal_Default to /Game/StarterContent/Maps/UEDPIE_0_Minimal_Default.Minimal_Default (0.005034s)
[2018.02.15-04.30.16:712][792]LogInit: XAudio2 using 'SONY TV-4 (NVIDIA High Definition Audio)' : 2 channels at 48 kHz using 16 bits per sample (channel mask 0x3)
[2018.02.15-04.30.16:719][792]LogInit: FAudioDevice initialized.
[2018.02.15-04.30.16:754][792]LogLoad: Game class is 'platformer_gamemode_C'
[2018.02.15-04.30.16:756][792]LogWorld: Bringing World /Game/StarterContent/Maps/UEDPIE_0_Minimal_Default.Minimal_Default up for play (max tick rate 0) at 2018.02.15-15.00.16
[2018.02.15-04.30.16:757][792]LogWorld: Bringing up level for play took: 0.002272
[2018.02.15-04.30.16:780][792]PIE: Play in editor start time for /Game/StarterContent/Maps/UEDPIE_0_Minimal_Default -0.751
[2018.02.15-04.30.16:781][792]LogBlueprintUserMessages: Late PlayInEditor Detection: Level '/Game/StarterContent/Maps/Minimal_Default.Minimal_Default:PersistentLevel' has LevelScriptBlueprint '/Game/StarterContent/Maps/Minimal_Default.Minimal_Default:PersistentLevel.Minimal_Default' with GeneratedClass '/Game/StarterContent/Maps/Minimal_Default.Minimal_Default_C' with ClassGeneratedBy '/Game/StarterContent/Maps/Minimal_Default.Minimal_Default:PersistentLevel.Minimal_Default'
[2018.02.15-04.30.19:635][119]LogBlueprintUserMessages: Early EndPlayMap Detection: Level '/Game/StarterContent/Maps/Minimal_Default.Minimal_Default:PersistentLevel' has LevelScriptBlueprint '/Game/StarterContent/Maps/Minimal_Default.Minimal_Default:PersistentLevel.Minimal_Default' with GeneratedClass '/Game/StarterContent/Maps/Minimal_Default.Minimal_Default_C' with ClassGeneratedBy '/Game/StarterContent/Maps/Minimal_Default.Minimal_Default:PersistentLevel.Minimal_Default'
[2018.02.15-04.30.19:673][119]LogBlueprintUserMessages: Late EndPlayMap Detection: Level '/Game/StarterContent/Maps/Minimal_Default.Minimal_Default:PersistentLevel' has LevelScriptBlueprint '/Game/StarterContent/Maps/Minimal_Default.Minimal_Default:PersistentLevel.Minimal_Default' with GeneratedClass '/Game/StarterContent/Maps/Minimal_Default.Minimal_Default_C' with ClassGeneratedBy '/Game/StarterContent/Maps/Minimal_Default.Minimal_Default:PersistentLevel.Minimal_Default'
[2018.02.15-04.30.27:376][558]LogTemp: Executing iPhonePackager certificates Engine -bundlename com.YourCompany.PandaProject
[2018.02.15-04.30.27:376][558]LogTemp: CWD: H:\Unreal\UE_4.18\Engine\Binaries\DotNET\IOS
[2018.02.15-04.30.27:376][558]LogTemp: Initial Dir: H:\Unreal\UE_4.18
[2018.02.15-04.30.27:376][558]LogTemp: Env CWD: H:\Unreal\UE_4.18\Engine\Binaries\DotNET\IOS
[2018.02.15-04.30.27:376][558]LogTemp: BranchPath = DESKTOP-1E6CSM8/H/Unreal/UE_4.18/Engine/Binaries --- GameBranchPath = DESKTOP-1E6CSM8/H/Unreal/UE_4.18/Engine/Binaries
[2018.02.15-04.30.27:376][558]LogTemp: IPP ERROR: Could not find provision directory 'C:\Users\Josias\AppData\Local/Apple Computer/MobileDevice/Provisioning Profiles/'.
[2018.02.15-04.30.27:376][558]LogSlate: Only BGRA pngs, bmps or icos are supported in by External Image Picker
[2018.02.15-04.33.20:872][655]LogActorComponent: UnregisterComponent: (/Engine/Transient.EditorFloorComp) Not registered. Aborting.
[2018.02.15-04.33.22:114][761]LogSavePackage: Save=225.01ms
[2018.02.15-04.33.22:114][761]LogSavePackage: Moving '../../../../../PandaProject/PandaProject/Saved/Minimal_Default5104AF4E4D0F8FCA177807B2F917CE51.tmp' to '../../../../../PandaProject/PandaProject/Content/StarterContent/Maps/Minimal_Default.umap'
[2018.02.15-04.33.22:118][761]LogSavePackage: Display: Finished SavePackage ../../../../../PandaProject/PandaProject/Content/StarterContent/Maps/Minimal_Default.umap
[2018.02.15-04.33.22:144][761]Cmd: OBJ SAVEPACKAGE PACKAGE="/Game/StarterContent/Maps/Minimal_Default_BuiltData" FILE="../../../../../PandaProject/PandaProject/Content/StarterContent/Maps/Minimal_Default_BuiltData.uasset" SILENT=true
[2018.02.15-04.33.22:186][761]LogSavePackage: Save=34.66ms
[2018.02.15-04.33.22:186][761]LogSavePackage: Moving '../../../../../PandaProject/PandaProject/Saved/Minimal_Default_BuiltData13D6D1D543B6A18C14CA5C858CC93384.tmp' to '../../../../../PandaProject/PandaProject/Content/StarterContent/Maps/Minimal_Default_BuiltData.uasset'
[2018.02.15-04.33.22:188][761]LogSavePackage: Display: Finished SavePackage ../../../../../PandaProject/PandaProject/Content/StarterContent/Maps/Minimal_Default_BuiltData.uasset
[2018.02.15-04.33.22:741][802]LogTemp: Repeating last play command: Selected Viewport
[2018.02.15-04.33.22:761][802]LogBlueprintUserMessages: Early PlayInEditor Detection: Level '/Game/StarterContent/Maps/Minimal_Default.Minimal_Default:PersistentLevel' has LevelScriptBlueprint '/Game/StarterContent/Maps/Minimal_Default.Minimal_Default:PersistentLevel.Minimal_Default' with GeneratedClass '/Game/StarterContent/Maps/Minimal_Default.Minimal_Default_C' with ClassGeneratedBy '/Game/StarterContent/Maps/Minimal_Default.Minimal_Default:PersistentLevel.Minimal_Default'
[2018.02.15-04.33.22:762][802]BlueprintLog: New page: Pre-Play auto-recompile
[2018.02.15-04.33.22:764][802]LogPlayLevel: [PlayLevel] Compiling panda_character_controller before play...
[2018.02.15-04.33.23:072][802]LogPlayLevel: PlayLevel: Blueprint regeneration took 310 ms (1 blueprints)
[2018.02.15-04.33.23:072][802]PIE: New page: PIE session: Minimal_Default (Feb 16, 2018, 1:33:23 AM)
[2018.02.15-04.33.23:072][802]LogPlayLevel: Creating play world package: /Game/StarterContent/Maps/UEDPIE_0_Minimal_Default
[2018.02.15-04.33.23:098][802]LogPlayLevel: PIE: StaticDuplicateObject took: (0.026191s)
[2018.02.15-04.33.23:099][802]LogAIModule: Creating AISystem for world Minimal_Default
[2018.02.15-04.33.23:099][802]LogPlayLevel: PIE: World Init took: (0.000962s)
[2018.02.15-04.33.23:099][802]LogPlayLevel: PIE: Created PIE world by copying editor world from /Game/StarterContent/Maps/Minimal_Default.Minimal_Default to /Game/StarterContent/Maps/UEDPIE_0_Minimal_Default.Minimal_Default (0.027512s)
[2018.02.15-04.33.23:119][802]LogInit: XAudio2 using 'SONY TV-4 (NVIDIA High Definition Audio)' : 2 channels at 48 kHz using 16 bits per sample (channel mask 0x3)
[2018.02.15-04.33.23:126][802]LogInit: FAudioDevice initialized.
[2018.02.15-04.33.23:156][802]LogLoad: Game class is 'platformer_gamemode_C'
[2018.02.15-04.33.23:159][802]LogWorld: Bringing World /Game/StarterContent/Maps/UEDPIE_0_Minimal_Default.Minimal_Default up for play (max tick rate 0) at 2018.02.15-15.03.23
[2018.02.15-04.33.23:159][802]LogWorld: Bringing up level for play took: 0.002143
[2018.02.15-04.33.23:161][802]PIE: Play in editor start time for /Game/StarterContent/Maps/UEDPIE_0_Minimal_Default -0.371
[2018.02.15-04.33.23:161][802]LogBlueprintUserMessages: Late PlayInEditor Detection: Level '/Game/StarterContent/Maps/Minimal_Default.Minimal_Default:PersistentLevel' has LevelScriptBlueprint '/Game/StarterContent/Maps/Minimal_Default.Minimal_Default:PersistentLevel.Minimal_Default' with GeneratedClass '/Game/StarterContent/Maps/Minimal_Default.Minimal_Default_C' with ClassGeneratedBy '/Game/StarterContent/Maps/Minimal_Default.Minimal_Default:PersistentLevel.Minimal_Default'
[2018.02.15-04.33.26:229][166]LogBlueprintUserMessages: Early EndPlayMap Detection: Level '/Game/StarterContent/Maps/Minimal_Default.Minimal_Default:PersistentLevel' has LevelScriptBlueprint '/Game/StarterContent/Maps/Minimal_Default.Minimal_Default:PersistentLevel.Minimal_Default' with GeneratedClass '/Game/StarterContent/Maps/Minimal_Default.Minimal_Default_C' with ClassGeneratedBy '/Game/StarterContent/Maps/Minimal_Default.Minimal_Default:PersistentLevel.Minimal_Default'
[2018.02.15-04.33.26:263][166]LogBlueprintUserMessages: Late EndPlayMap Detection: Level '/Game/StarterContent/Maps/Minimal_Default.Minimal_Default:PersistentLevel' has LevelScriptBlueprint '/Game/StarterContent/Maps/Minimal_Default.Minimal_Default:PersistentLevel.Minimal_Default' with GeneratedClass '/Game/StarterContent/Maps/Minimal_Default.Minimal_Default_C' with ClassGeneratedBy '/Game/StarterContent/Maps/Minimal_Default.Minimal_Default:PersistentLevel.Minimal_Default'
[2018.02.15-04.33.27:821][338]LogTemp: Repeating last play command: Selected Viewport
[2018.02.15-04.33.27:836][338]LogBlueprintUserMessages: Early PlayInEditor Detection: Level '/Game/StarterContent/Maps/Minimal_Default.Minimal_Default:PersistentLevel' has LevelScriptBlueprint '/Game/StarterContent/Maps/Minimal_Default.Minimal_Default:PersistentLevel.Minimal_Default' with GeneratedClass '/Game/StarterContent/Maps/Minimal_Default.Minimal_Default_C' with ClassGeneratedBy '/Game/StarterContent/Maps/Minimal_Default.Minimal_Default:PersistentLevel.Minimal_Default'
[2018.02.15-04.33.27:836][338]LogPlayLevel: PlayLevel: No blueprints needed recompiling
[2018.02.15-04.33.27:836][338]PIE: New page: PIE session: Minimal_Default (Feb 16, 2018, 1:33:27 AM)
[2018.02.15-04.33.27:836][338]LogPlayLevel: Creating play world package: /Game/StarterContent/Maps/UEDPIE_0_Minimal_Default
[2018.02.15-04.33.27:842][338]LogPlayLevel: PIE: StaticDuplicateObject took: (0.005870s)
[2018.02.15-04.33.27:843][338]LogAIModule: Creating AISystem for world Minimal_Default
[2018.02.15-04.33.27:843][338]LogPlayLevel: PIE: World Init took: (0.000737s)
[2018.02.15-04.33.27:843][338]LogPlayLevel: PIE: Created PIE world by copying editor world from /Game/StarterContent/Maps/Minimal_Default.Minimal_Default to /Game/StarterContent/Maps/UEDPIE_0_Minimal_Default.Minimal_Default (0.006904s)
[2018.02.15-04.33.27:862][338]LogInit: XAudio2 using 'SONY TV-4 (NVIDIA High Definition Audio)' : 2 channels at 48 kHz using 16 bits per sample (channel mask 0x3)
[2018.02.15-04.33.27:869][338]LogInit: FAudioDevice initialized.
[2018.02.15-04.33.27:904][338]LogLoad: Game class is 'platformer_gamemode_C'
[2018.02.15-04.33.27:907][338]LogWorld: Bringing World /Game/StarterContent/Maps/UEDPIE_0_Minimal_Default.Minimal_Default up for play (max tick rate 0) at 2018.02.15-15.03.27
[2018.02.15-04.33.27:907][338]LogWorld: Bringing up level for play took: 0.002145
[2018.02.15-04.33.27:909][338]PIE: Play in editor start time for /Game/StarterContent/Maps/UEDPIE_0_Minimal_Default 0.377
[2018.02.15-04.33.27:909][338]LogBlueprintUserMessages: Late PlayInEditor Detection: Level '/Game/StarterContent/Maps/Minimal_Default.Minimal_Default:PersistentLevel' has LevelScriptBlueprint '/Game/StarterContent/Maps/Minimal_Default.Minimal_Default:PersistentLevel.Minimal_Default' with GeneratedClass '/Game/StarterContent/Maps/Minimal_Default.Minimal_Default_C' with ClassGeneratedBy '/Game/StarterContent/Maps/Minimal_Default.Minimal_Default:PersistentLevel.Minimal_Default'
[2018.02.15-04.33.31:590][776]LogBlueprintUserMessages: Early EndPlayMap Detection: Level '/Game/StarterContent/Maps/Minimal_Default.Minimal_Default:PersistentLevel' has LevelScriptBlueprint '/Game/StarterContent/Maps/Minimal_Default.Minimal_Default:PersistentLevel.Minimal_Default' with GeneratedClass '/Game/StarterContent/Maps/Minimal_Default.Minimal_Default_C' with ClassGeneratedBy '/Game/StarterContent/Maps/Minimal_Default.Minimal_Default:PersistentLevel.Minimal_Default'
[2018.02.15-04.33.31:626][776]LogBlueprintUserMessages: Late EndPlayMap Detection: Level '/Game/StarterContent/Maps/Minimal_Default.Minimal_Default:PersistentLevel' has LevelScriptBlueprint '/Game/StarterContent/Maps/Minimal_Default.Minimal_Default:PersistentLevel.Minimal_Default' with GeneratedClass '/Game/StarterContent/Maps/Minimal_Default.Minimal_Default_C' with ClassGeneratedBy '/Game/StarterContent/Maps/Minimal_Default.Minimal_Default:PersistentLevel.Minimal_Default'
[2018.02.15-04.33.42:763][ 72]LogSavePackage: Save=219.28ms
[2018.02.15-04.33.42:763][ 72]LogSavePackage: Moving '../../../../../PandaProject/PandaProject/Saved/Minimal_Default91DCF0614DB8074F303464B5EDB41247.tmp' to '../../../../../PandaProject/PandaProject/Content/StarterContent/Maps/Minimal_Default.umap'
[2018.02.15-04.33.42:765][ 72]LogSavePackage: Display: Finished SavePackage ../../../../../PandaProject/PandaProject/Content/StarterContent/Maps/Minimal_Default.umap
[2018.02.15-04.33.42:789][ 72]Cmd: OBJ SAVEPACKAGE PACKAGE="/Game/StarterContent/Maps/Minimal_Default_BuiltData" FILE="../../../../../PandaProject/PandaProject/Content/StarterContent/Maps/Minimal_Default_BuiltData.uasset" SILENT=true
[2018.02.15-04.33.42:825][ 72]LogSavePackage: Save=34.31ms
[2018.02.15-04.33.42:825][ 72]LogSavePackage: Moving '../../../../../PandaProject/PandaProject/Saved/Minimal_Default_BuiltDataB2ABA6F0437950ED025DC5A2D5344BE5.tmp' to '../../../../../PandaProject/PandaProject/Content/StarterContent/Maps/Minimal_Default_BuiltData.uasset'
[2018.02.15-04.33.42:826][ 72]LogSavePackage: Display: Finished SavePackage ../../../../../PandaProject/PandaProject/Content/StarterContent/Maps/Minimal_Default_BuiltData.uasset
